<?xml version="1.0" encoding="UTF-8"?>
<testng-results ignored="0" total="1" passed="1" failed="0" skipped="0">
  <reporter-output>
  </reporter-output>
  <suite started-at="2023-12-28T11:28:57 IST" name="Default suite" finished-at="2023-12-28T11:29:04 IST" duration-ms="6879">
    <groups>
    </groups>
    <test started-at="2023-12-28T11:28:57 IST" name="Default test" finished-at="2023-12-28T11:29:04 IST" duration-ms="6879">
      <class name="com.restassured.authorization.OAuth2">
        <test-method signature="bearerToken()[pri:0, instance:com.restassured.authorization.OAuth2@71a8adcf]" started-at="2023-12-28T11:28:57 IST" name="bearerToken" finished-at="2023-12-28T11:29:04 IST" duration-ms="6722" status="PASS">
          <reporter-output>
          </reporter-output>
        </test-method> <!-- bearerToken -->
      </class> <!-- com.restassured.authorization.OAuth2 -->
    </test> <!-- Default test -->
  </suite> <!-- Default suite -->
</testng-results>
