<?xml version="1.0" encoding="UTF-8"?>
<!-- Generated by org.testng.reporters.JUnitXMLReporter -->
<testsuite ignored="3" hostname="DESKTOP-E9ARFLP" failures="0" tests="1" name="Default test" time="4.977" errors="0" timestamp="2024-01-01T21:36:44 IST">
  <testcase classname="com.restassured.authorization.APIKeyAuthExample" name="apiKeyAuthUsingQueryParam" time="4.827"/>
  <testcase classname="com.restassured.authorization.APIKeyAuthExample" name="apiKeyAuth" time="0.0">
    <ignored/>
  </testcase> <!-- apiKeyAuth -->
  <testcase classname="com.restassured.authorization.APIKeyAuthExample" name="apiKeyAuthUsingQueryParam1" time="0.0">
    <ignored/>
  </testcase> <!-- apiKeyAuthUsingQueryParam1 -->
  <testcase classname="com.restassured.authorization.APIKeyAuthExample" name="apiKeyAuthUsingHeader" time="0.0">
    <ignored/>
  </testcase> <!-- apiKeyAuthUsingHeader -->
</testsuite> <!-- Default test -->
