<?xml version="1.0" encoding="UTF-8"?>
<!-- Generated by org.testng.reporters.JUnitXMLReporter -->
<testsuite hostname="DESKTOP-E9ARFLP" ignored="4" name="Default test" tests="1" failures="0" timestamp="2023-10-22T13:36:02 IST" time="3.18" errors="0">
  <testcase name="createUserWithDetails" time="3.113" classname="com.restassured.bdd.CreateUpateAndReadData"/>
  <testcase name="getUserDetails" time="0.0" classname="com.restassured.bdd.CreateUpateAndReadData">
    <ignored/>
  </testcase> <!-- getUserDetails -->
  <testcase name="deleteAnEmployee" time="0.0" classname="com.restassured.bdd.CreateUpateAndReadData">
    <ignored/>
  </testcase> <!-- deleteAnEmployee -->
  <testcase name="updateEmployeeDetails" time="0.0" classname="com.restassured.bdd.CreateUpateAndReadData">
    <ignored/>
  </testcase> <!-- updateEmployeeDetails -->
  <testcase name="getEmployeeDetails" time="0.0" classname="com.restassured.bdd.CreateUpateAndReadData">
    <ignored/>
  </testcase> <!-- getEmployeeDetails -->
</testsuite> <!-- Default test -->
