<?xml version="1.0" encoding="UTF-8"?>
<!-- Generated by org.testng.reporters.JUnitXMLReporter -->
<testsuite hostname="DESKTOP-E9ARFLP" ignored="0" name="testng4" tests="3" failures="0" timestamp="2022-05-10T15:06:06 IST" time="38.301" errors="0">
  <testcase name="loginToOrangeHRM" time="17.003" classname="assignmentten.modulefour.package1.AssignmentFourPacakgeOneTest"/>
  <testcase name="loginToClientAM" time="9.849" classname="assignmentten.modulefour.package2.AssignmentFourPacakgeTwoClientTest"/>
  <testcase name="launchBrowserTest" time="11.375" classname="assignmentten.modulefour.package2.AssignmentFourPacakgeTwoTest"/>
</testsuite> <!-- testng4 -->
