<?xml version="1.0" encoding="UTF-8"?>
<!-- Generated by org.testng.reporters.JUnitXMLReporter -->
<testsuite hostname="DESKTOP-E9ARFLP" ignored="0" name="testng3" tests="2" failures="0" timestamp="2022-05-10T14:48:11 IST" time="29.092" errors="0">
  <testcase name="loginToSauceDemo" time="15.424" classname="assignmentten.modulethree.AssignmentOneTest"/>
  <testcase name="loginToOrangeHRM" time="13.586" classname="assignmentten.modulethree.AssignmentOneTest"/>
</testsuite> <!-- testng3 -->
